<?xml version="1.0" encoding="UTF-8"?>
<!-- Generated by org.testng.reporters.JUnitReportReporter -->
<testsuite hostname="SANJAY-PC" failures="0" tests="2" name="com.restassured.framework.tests.BookingPositiveTests" time="8.753" errors="0" timestamp="2025-01-09T00:20:31 IST" skipped="0">
  <testcase classname="com.restassured.framework.tests.BookingPositiveTests" name="testCreateBooking" time="7.429"/>
  <system-out/>
  <testcase classname="com.restassured.framework.tests.BookingPositiveTests" name="testGetBooking" time="1.324"/>
  <system-out/>
</testsuite> <!-- com.restassured.framework.tests.BookingPositiveTests -->
