<?xml version="1.0" encoding="UTF-8"?>
<!-- Generated by org.testng.reporters.JUnitReportReporter -->
<testsuite hostname="SANJAY-PC" failures="0" tests="2" name="com.restassured.framework.tests.BookingNegativeTests" time="2.402" errors="0" timestamp="2025-01-09T01:56:28 IST" skipped="0">
  <testcase classname="com.restassured.framework.tests.BookingNegativeTests" name="testGetNonExistentBooking" time="1.209"/>
  <system-out/>
  <testcase classname="com.restassured.framework.tests.BookingNegativeTests" name="testCreateBookingWithInvalidData" time="1.193"/>
  <system-out/>
</testsuite> <!-- com.restassured.framework.tests.BookingNegativeTests -->
