<?xml version="1.0" encoding="UTF-8"?>
<!-- Generated by org.testng.reporters.JUnitReportReporter -->
<testsuite hostname="SANJAY-PC" failures="0" tests="2" name="com.restassured.framework.tests.BookingDataDrivenTests" time="4.859" errors="0" timestamp="2025-01-09T01:56:28 IST" skipped="0">
  <testcase classname="com.restassured.framework.tests.BookingDataDrivenTests" name="testCreateBooking" time="2.481"/>
  <system-out/>
  <testcase classname="com.restassured.framework.tests.BookingDataDrivenTests" name="testCreateBooking" time="2.378"/>
  <system-out/>
</testsuite> <!-- com.restassured.framework.tests.BookingDataDrivenTests -->
